2025-10-26 11:34:51 | demo_client | workflow_delay | $0.0500 | success
2025-10-26 11:34:51 | customer_support | workflow_delay | $0.0978 | success
2025-10-26 11:34:54 | demo_client | api_failure | $0.0500 | success
2025-10-26 11:34:54 | customer_support | api_failure | $0.0964 | success
2025-10-26T06:34:54.826046 | customer_support | api_failure | $0.05 | simulated
2025-10-26 11:35:04 | demo_client | queue_pressure | $0.0500 | success
2025-10-26 11:35:04 | invoice_processing | queue_pressure | $0.0913 | success
2025-10-26T06:35:04.833008 | invoice_processing | queue_pressure | $0.05 | simulated
2025-10-26 11:35:14 | demo_client | queue_pressure | $0.0500 | success
2025-10-26 11:35:14 | order_processing | queue_pressure | $0.0949 | success
2025-10-26T06:35:14.847624 | order_processing | queue_pressure | $0.05 | simulated
2025-10-26 11:35:22 | demo_client | queue_pressure | $0.0500 | success
2025-10-26 11:35:22 | customer_support | queue_pressure | $0.0883 | success
2025-10-26T06:35:22.856374 | customer_support | queue_pressure | $0.05 | simulated
2025-10-26 11:35:32 | demo_client | workflow_delay | $0.0500 | success
2025-10-26 11:35:32 | order_processing | workflow_delay | $0.0970 | success
2025-10-26T06:35:32.867520 | order_processing | workflow_delay | $0.05 | simulated
2025-10-26 11:35:39 | demo_client | api_failure | $0.0500 | success
2025-10-26 11:35:39 | order_processing | api_failure | $0.0961 | success
2025-10-26T06:35:39.873454 | order_processing | api_failure | $0.05 | simulated
2025-10-26 11:35:45 | demo_client | api_failure | $0.0500 | success
2025-10-26 11:35:45 | customer_support | api_failure | $0.0878 | success
2025-10-26T06:35:45.880605 | customer_support | api_failure | $0.05 | simulated
2025-10-26 11:35:51 | demo_client | data_error | $0.0500 | success
2025-10-26 11:35:51 | customer_support | data_error | $0.0975 | success
2025-10-26T06:35:51.886858 | customer_support | data_error | $0.05 | simulated
2025-10-26 11:35:58 | demo_client | data_error | $0.0500 | success
2025-10-26 11:35:58 | customer_support | data_error | $0.0947 | success
2025-10-26T06:35:58.894993 | customer_support | data_error | $0.05 | simulated
2025-10-26 11:36:03 | demo_client | queue_pressure | $0.0500 | success
2025-10-26 11:36:03 | order_processing | queue_pressure | $0.0956 | success
2025-10-26T06:36:03.901233 | order_processing | queue_pressure | $0.05 | simulated
2025-10-26 11:36:13 | demo_client | api_failure | $0.0500 | success
2025-10-26 11:36:13 | customer_support | api_failure | $0.0921 | success
2025-10-26T06:36:13.909792 | customer_support | api_failure | $0.05 | simulated
2025-10-26 11:36:23 | demo_client | queue_pressure | $0.0500 | success
2025-10-26 11:36:23 | invoice_processing | queue_pressure | $0.0916 | success
2025-10-26T06:36:23.917309 | invoice_processing | queue_pressure | $0.05 | simulated
2025-10-26 11:36:28 | demo_client | workflow_delay | $0.0500 | success
2025-10-26 11:36:28 | invoice_processing | workflow_delay | $0.0894 | success
2025-10-26T06:36:28.923714 | invoice_processing | workflow_delay | $0.05 | simulated
2025-10-26 11:36:34 | demo_client | api_failure | $0.0500 | success
2025-10-26 11:36:34 | customer_support | api_failure | $0.0890 | success
2025-10-26T06:36:34.929922 | customer_support | api_failure | $0.05 | simulated
2025-10-26 11:36:41 | demo_client | queue_pressure | $0.0500 | success
2025-10-26 11:36:41 | customer_support | queue_pressure | $0.0903 | success
2025-10-26T06:36:41.935905 | customer_support | queue_pressure | $0.05 | simulated
2025-10-26 11:36:47 | demo_client | api_failure | $0.0500 | success
2025-10-26 11:36:47 | invoice_processing | api_failure | $0.0990 | success
2025-10-26T06:36:47.954691 | invoice_processing | api_failure | $0.05 | simulated
2025-10-26 11:36:56 | demo_client | api_failure | $0.0500 | success
2025-10-26 11:36:56 | order_processing | api_failure | $0.0902 | success
2025-10-26T06:36:56.970707 | order_processing | api_failure | $0.05 | simulated
2025-10-26 11:37:01 | demo_client | queue_pressure | $0.0500 | success
2025-10-26 11:37:01 | order_processing | queue_pressure | $0.0929 | success
2025-10-26T06:37:01.977073 | order_processing | queue_pressure | $0.05 | simulated
2025-10-26 11:37:09 | demo_client | queue_pressure | $0.0500 | success
2025-10-26 11:37:09 | order_processing | queue_pressure | $0.0892 | success
2025-10-26T06:37:09.993408 | order_processing | queue_pressure | $0.05 | simulated
2025-10-26 11:37:16 | demo_client | api_failure | $0.0500 | success
2025-10-26 11:37:16 | customer_support | api_failure | $0.0951 | success
2025-10-26T06:37:16.010726 | customer_support | api_failure | $0.05 | simulated
2025-10-26 11:37:22 | demo_client | queue_pressure | $0.0500 | success
2025-10-26 11:37:22 | order_processing | queue_pressure | $0.0949 | success
2025-10-26T06:37:22.041489 | order_processing | queue_pressure | $0.05 | simulated
2025-10-26 11:37:32 | demo_client | api_failure | $0.0500 | success
2025-10-26 11:37:32 | order_processing | api_failure | $0.0911 | success
2025-10-26T06:37:32.097951 | order_processing | api_failure | $0.05 | simulated
2025-10-26 11:37:39 | demo_client | queue_pressure | $0.0500 | success
2025-10-26 11:37:39 | customer_support | queue_pressure | $0.0953 | success
2025-10-26T06:37:39.146454 | customer_support | queue_pressure | $0.05 | simulated
2025-10-26 11:37:49 | demo_client | api_failure | $0.0500 | success
2025-10-26 11:37:49 | order_processing | api_failure | $0.0910 | success
2025-10-26T06:37:49.194658 | order_processing | api_failure | $0.05 | simulated
2025-10-26 11:37:55 | demo_client | queue_pressure | $0.0500 | success
2025-10-26 11:37:55 | invoice_processing | queue_pressure | $0.0978 | success
2025-10-26T06:37:55.246540 | invoice_processing | queue_pressure | $0.05 | simulated
2025-10-26 11:38:05 | demo_client | data_error | $0.0500 | success
2025-10-26 11:38:05 | order_processing | data_error | $0.0961 | success
2025-10-26T06:38:05.263551 | order_processing | data_error | $0.05 | simulated
2025-10-26 11:38:10 | demo_client | data_error | $0.0500 | success
2025-10-26 11:38:10 | order_processing | data_error | $0.0923 | success
2025-10-26T06:38:10.326258 | order_processing | data_error | $0.05 | simulated
2025-10-26 11:38:16 | demo_client | workflow_delay | $0.0500 | success
2025-10-26 11:38:16 | order_processing | workflow_delay | $0.0878 | success
2025-10-26T06:38:16.367606 | order_processing | workflow_delay | $0.05 | simulated
2025-10-26 11:38:24 | demo_client | workflow_delay | $0.0500 | success
2025-10-26 11:38:24 | order_processing | workflow_delay | $0.0891 | success
2025-10-26T06:38:24.409158 | order_processing | workflow_delay | $0.05 | simulated
2025-10-26 11:38:29 | demo_client | queue_pressure | $0.0500 | success
2025-10-26 11:38:29 | customer_support | queue_pressure | $0.0949 | success
2025-10-26T06:38:29.464053 | customer_support | queue_pressure | $0.05 | simulated
2025-10-26 11:38:35 | demo_client | data_error | $0.0500 | success
2025-10-26 11:38:35 | invoice_processing | data_error | $0.0933 | success
2025-10-26T06:38:35.512451 | invoice_processing | data_error | $0.05 | simulated
2025-10-26 11:38:44 | demo_client | workflow_delay | $0.0500 | success
2025-10-26 11:38:44 | invoice_processing | workflow_delay | $0.0902 | success
2025-10-26T06:38:44.553745 | invoice_processing | workflow_delay | $0.05 | simulated
2025-10-26 11:38:54 | demo_client | queue_pressure | $0.0500 | success
2025-10-26 11:38:54 | customer_support | queue_pressure | $0.0885 | success
2025-10-26T06:38:54.603939 | customer_support | queue_pressure | $0.05 | simulated
2025-10-26 11:39:01 | demo_client | workflow_delay | $0.0500 | success
2025-10-26 11:39:01 | order_processing | workflow_delay | $0.0981 | success
2025-10-26T06:39:01.620265 | order_processing | workflow_delay | $0.05 | simulated
2025-10-26 11:39:09 | demo_client | workflow_delay | $0.0500 | success
2025-10-26 11:39:09 | order_processing | workflow_delay | $0.0938 | success
2025-10-26T06:39:09.670464 | order_processing | workflow_delay | $0.05 | simulated
2025-10-26 11:39:16 | demo_client | api_failure | $0.0500 | success
2025-10-26 11:39:16 | customer_support | api_failure | $0.0883 | success
2025-10-26T06:39:16.740488 | customer_support | api_failure | $0.05 | simulated
2025-10-26 11:39:21 | demo_client | workflow_delay | $0.0500 | success
2025-10-26 11:39:21 | customer_support | workflow_delay | $0.0895 | success
2025-10-26T06:39:21.780909 | customer_support | workflow_delay | $0.05 | simulated
2025-10-26 11:39:26 | demo_client | data_error | $0.0500 | success
2025-10-26 11:39:26 | order_processing | data_error | $0.0910 | success
2025-10-26T06:39:26.832633 | order_processing | data_error | $0.05 | simulated
2025-10-26 11:39:36 | demo_client | api_failure | $0.0500 | success
2025-10-26 11:39:36 | invoice_processing | api_failure | $0.0920 | success
2025-10-26T06:39:36.879190 | invoice_processing | api_failure | $0.05 | simulated
2025-10-26 11:39:45 | demo_client | api_failure | $0.0500 | success
2025-10-26 11:39:45 | order_processing | api_failure | $0.0926 | success
2025-10-26T06:39:45.929075 | order_processing | api_failure | $0.05 | simulated
2025-10-26 11:39:52 | demo_client | queue_pressure | $0.0500 | success
2025-10-26 11:39:52 | customer_support | queue_pressure | $0.0962 | success
2025-10-26T06:39:52.995756 | customer_support | queue_pressure | $0.05 | simulated
2025-10-26 11:40:00 | demo_client | api_failure | $0.0500 | success
2025-10-26 11:40:00 | customer_support | api_failure | $0.0892 | success
2025-10-26T06:40:00.037845 | customer_support | api_failure | $0.05 | simulated
2025-10-26 11:40:05 | demo_client | queue_pressure | $0.0500 | success
2025-10-26 11:40:05 | order_processing | queue_pressure | $0.0883 | success
2025-10-26T06:40:05.054191 | order_processing | queue_pressure | $0.05 | simulated
2025-10-26 11:40:12 | demo_client | queue_pressure | $0.0500 | success
2025-10-26 11:40:12 | invoice_processing | queue_pressure | $0.0922 | success
2025-10-26T06:40:12.112921 | invoice_processing | queue_pressure | $0.05 | simulated
2025-10-26 11:40:22 | demo_client | queue_pressure | $0.0500 | success
2025-10-26 11:40:22 | customer_support | queue_pressure | $0.0891 | success
2025-10-26T06:40:22.153855 | customer_support | queue_pressure | $0.05 | simulated
2025-10-26 11:40:27 | demo_client | data_error | $0.0500 | success
2025-10-26 11:40:27 | invoice_processing | data_error | $0.0881 | success
2025-10-26T06:40:27.204878 | invoice_processing | data_error | $0.05 | simulated
2025-10-26 11:40:33 | demo_client | queue_pressure | $0.0500 | success
2025-10-26 11:40:33 | order_processing | queue_pressure | $0.0905 | success
2025-10-26T06:40:33.245312 | order_processing | queue_pressure | $0.05 | simulated
2025-10-26 11:40:43 | demo_client | api_failure | $0.0500 | success
2025-10-26 11:40:43 | customer_support | api_failure | $0.0963 | success
2025-10-26T06:40:43.311411 | customer_support | api_failure | $0.05 | simulated
2025-10-26 11:40:50 | demo_client | queue_pressure | $0.0500 | success
2025-10-26 11:40:50 | order_processing | queue_pressure | $0.0882 | success
2025-10-26T06:40:50.355536 | order_processing | queue_pressure | $0.05 | simulated
2025-10-26 11:40:55 | demo_client | data_error | $0.0500 | success
2025-10-26 11:40:55 | invoice_processing | data_error | $0.0965 | success
2025-10-26T06:40:55.402008 | invoice_processing | data_error | $0.05 | simulated
2025-10-26 12:34:32 | demo_client | api_failure | $0.0500 | success
2025-10-26 12:34:32 | invoice_processing | api_failure | $0.0946 | success
2025-10-26T07:34:32.915922 | invoice_processing | api_failure | $0.05 | simulated
2025-10-26 12:34:38 | demo_client | data_error | $0.0500 | success
2025-10-26 12:34:38 | invoice_processing | data_error | $0.0910 | success
2025-10-26T07:34:38.169910 | invoice_processing | data_error | $0.05 | simulated
2025-10-26 12:34:45 | demo_client | api_failure | $0.0500 | success
2025-10-26 12:34:45 | order_processing | api_failure | $0.0885 | success
2025-10-26T07:34:45.233026 | order_processing | api_failure | $0.05 | simulated
2025-10-26 12:34:50 | demo_client | data_error | $0.0500 | success
2025-10-26 12:34:50 | order_processing | data_error | $0.0881 | success
2025-10-26T07:34:50.272600 | order_processing | data_error | $0.05 | simulated
2025-10-26 12:34:55 | demo_client | data_error | $0.0500 | success
2025-10-26 12:34:55 | order_processing | data_error | $0.0978 | success
2025-10-26T07:34:55.314806 | order_processing | data_error | $0.05 | simulated
2025-10-26 12:35:04 | demo_client | data_error | $0.0500 | success
2025-10-26 12:35:04 | order_processing | data_error | $0.0929 | success
2025-10-26T07:35:04.354217 | order_processing | data_error | $0.05 | simulated
2025-10-26 12:35:12 | demo_client | api_failure | $0.0500 | success
2025-10-26 12:35:12 | customer_support | api_failure | $0.0881 | success
2025-10-26T07:35:12.378104 | customer_support | api_failure | $0.05 | simulated
2025-10-26 12:35:17 | demo_client | data_error | $0.0500 | success
2025-10-26 12:35:17 | order_processing | data_error | $0.0965 | success
2025-10-26T07:35:17.407360 | order_processing | data_error | $0.05 | simulated
2025-10-26 12:35:27 | demo_client | data_error | $0.0500 | success
2025-10-26 12:35:27 | customer_support | data_error | $0.0944 | success
2025-10-26T07:35:27.432285 | customer_support | data_error | $0.05 | simulated
2025-10-26 12:35:36 | demo_client | api_failure | $0.0500 | success
2025-10-26 12:35:36 | order_processing | api_failure | $0.0953 | success
2025-10-26T07:35:36.466970 | order_processing | api_failure | $0.05 | simulated
2025-10-26 12:35:43 | demo_client | queue_pressure | $0.0500 | success
2025-10-26 12:35:43 | customer_support | queue_pressure | $0.0878 | success
2025-10-26T07:35:43.492539 | customer_support | queue_pressure | $0.05 | simulated
2025-10-26 12:35:49 | demo_client | workflow_delay | $0.0500 | success
2025-10-26 12:35:49 | invoice_processing | workflow_delay | $0.0883 | success
2025-10-26T07:35:49.532270 | invoice_processing | workflow_delay | $0.05 | simulated
2025-10-26 12:35:59 | demo_client | workflow_delay | $0.0500 | success
2025-10-26 12:35:59 | customer_support | workflow_delay | $0.0948 | success
2025-10-26T07:35:59.563400 | customer_support | workflow_delay | $0.05 | simulated
2025-10-26 12:36:06 | demo_client | api_failure | $0.0500 | success
2025-10-26 12:36:06 | invoice_processing | api_failure | $0.0923 | success
2025-10-26T07:36:06.608062 | invoice_processing | api_failure | $0.05 | simulated
2025-10-26 12:36:15 | demo_client | data_error | $0.0500 | success
2025-10-26 12:36:15 | invoice_processing | data_error | $0.0966 | success
2025-10-26T07:36:15.651195 | invoice_processing | data_error | $0.05 | simulated
2025-10-26 12:36:25 | demo_client | api_failure | $0.0500 | success
2025-10-26 12:36:25 | invoice_processing | api_failure | $0.0910 | success
2025-10-26T07:36:25.694003 | invoice_processing | api_failure | $0.05 | simulated
2025-10-26 12:36:35 | demo_client | workflow_delay | $0.0500 | success
2025-10-26 12:36:35 | customer_support | workflow_delay | $0.0906 | success
2025-10-26T07:36:35.733143 | customer_support | workflow_delay | $0.05 | simulated
2025-10-26 12:36:42 | demo_client | data_error | $0.0500 | success
2025-10-26 12:36:42 | order_processing | data_error | $0.0899 | success
2025-10-26T07:36:42.769266 | order_processing | data_error | $0.05 | simulated
2025-10-26 12:36:51 | demo_client | api_failure | $0.0500 | success
2025-10-26 12:36:51 | invoice_processing | api_failure | $0.0887 | success
2025-10-26T07:36:51.819513 | invoice_processing | api_failure | $0.05 | simulated
2025-10-26 12:37:01 | demo_client | workflow_delay | $0.0500 | success
2025-10-26 12:37:01 | invoice_processing | workflow_delay | $0.0928 | success
2025-10-26T07:37:01.895104 | invoice_processing | workflow_delay | $0.05 | simulated
2025-10-26 12:37:09 | demo_client | workflow_delay | $0.0500 | success
2025-10-26 12:37:09 | invoice_processing | workflow_delay | $0.0912 | success
2025-10-26T07:37:09.939549 | invoice_processing | workflow_delay | $0.05 | simulated
2025-10-26 12:37:19 | demo_client | api_failure | $0.0500 | success
2025-10-26 12:37:19 | customer_support | api_failure | $0.0882 | success
2025-10-26T07:37:20.001467 | customer_support | api_failure | $0.05 | simulated
2025-10-26 12:37:27 | demo_client | workflow_delay | $0.0500 | success
2025-10-26 12:37:27 | order_processing | workflow_delay | $0.0905 | success
2025-10-26T07:37:27.044282 | order_processing | workflow_delay | $0.05 | simulated
2025-10-26 12:37:32 | demo_client | workflow_delay | $0.0500 | success
2025-10-26 12:37:32 | customer_support | workflow_delay | $0.0967 | success
2025-10-26T07:37:32.085837 | customer_support | workflow_delay | $0.05 | simulated
2025-10-26 12:37:37 | demo_client | api_failure | $0.0500 | success
2025-10-26 12:37:37 | order_processing | api_failure | $0.0969 | success
2025-10-26T07:37:37.133009 | order_processing | api_failure | $0.05 | simulated
2025-10-26 12:37:43 | demo_client | queue_pressure | $0.0500 | success
2025-10-26 12:37:43 | invoice_processing | queue_pressure | $0.0990 | success
2025-10-26T07:37:43.174345 | invoice_processing | queue_pressure | $0.05 | simulated
2025-10-26 12:37:49 | demo_client | data_error | $0.0500 | success
2025-10-26 12:37:49 | order_processing | data_error | $0.0939 | success
2025-10-26T07:37:49.216127 | order_processing | data_error | $0.05 | simulated
2025-10-26 12:37:55 | demo_client | queue_pressure | $0.0500 | success
2025-10-26 12:37:55 | invoice_processing | queue_pressure | $0.0912 | success
2025-10-26T07:37:55.266073 | invoice_processing | queue_pressure | $0.05 | simulated
2025-10-26 12:38:03 | demo_client | data_error | $0.0500 | success
2025-10-26 12:38:03 | order_processing | data_error | $0.0912 | success
2025-10-26T07:38:03.311293 | order_processing | data_error | $0.05 | simulated
2025-10-26 12:38:08 | demo_client | workflow_delay | $0.0500 | success
2025-10-26 12:38:08 | customer_support | workflow_delay | $0.0880 | success
2025-10-26T07:38:08.351234 | customer_support | workflow_delay | $0.05 | simulated
2025-10-26 12:38:13 | demo_client | data_error | $0.0500 | success
2025-10-26 12:38:13 | order_processing | data_error | $0.0923 | success
2025-10-26T07:38:13.403146 | order_processing | data_error | $0.05 | simulated
2025-10-26 12:38:18 | demo_client | workflow_delay | $0.0500 | success
2025-10-26 12:38:18 | customer_support | workflow_delay | $0.0877 | success
2025-10-26T07:38:18.453486 | customer_support | workflow_delay | $0.05 | simulated
2025-10-26 12:38:28 | demo_client | data_error | $0.0500 | success
2025-10-26 12:38:28 | customer_support | data_error | $0.0927 | success
2025-10-26T07:38:28.497207 | customer_support | data_error | $0.05 | simulated
2025-10-26 12:38:36 | demo_client | workflow_delay | $0.0500 | success
2025-10-26 12:38:36 | invoice_processing | workflow_delay | $0.0930 | success
2025-10-26T07:38:36.551023 | invoice_processing | workflow_delay | $0.05 | simulated
2025-10-26 12:38:44 | demo_client | data_error | $0.0500 | success
2025-10-26 12:38:44 | order_processing | data_error | $0.0932 | success
2025-10-26T07:38:44.605330 | order_processing | data_error | $0.05 | simulated
2025-10-26 12:38:54 | demo_client | workflow_delay | $0.0500 | success
2025-10-26 12:38:54 | order_processing | workflow_delay | $0.0976 | success
2025-10-26T07:38:54.622607 | order_processing | workflow_delay | $0.05 | simulated
2025-10-26 12:39:02 | demo_client | api_failure | $0.0500 | success
2025-10-26 12:39:02 | order_processing | api_failure | $0.0932 | success
2025-10-26T07:39:02.639983 | order_processing | api_failure | $0.05 | simulated
2025-10-26 12:39:10 | demo_client | queue_pressure | $0.0500 | success
2025-10-26 12:39:10 | customer_support | queue_pressure | $0.0891 | success
2025-10-26T07:39:10.673116 | customer_support | queue_pressure | $0.05 | simulated
2025-10-26 12:39:20 | demo_client | api_failure | $0.0500 | success
2025-10-26 12:39:20 | order_processing | api_failure | $0.0977 | success
2025-10-26T07:39:20.693210 | order_processing | api_failure | $0.05 | simulated
2025-10-26 12:39:26 | demo_client | queue_pressure | $0.0500 | success
2025-10-26 12:39:26 | invoice_processing | queue_pressure | $0.0929 | success
2025-10-26T07:39:26.715664 | invoice_processing | queue_pressure | $0.05 | simulated
2025-10-26 12:39:36 | demo_client | workflow_delay | $0.0500 | success
2025-10-26 12:39:36 | customer_support | workflow_delay | $0.0889 | success
2025-10-26T07:39:36.733949 | customer_support | workflow_delay | $0.05 | simulated
2025-10-26 12:39:42 | demo_client | data_error | $0.0500 | success
2025-10-26 12:39:42 | order_processing | data_error | $0.0923 | success
2025-10-26T07:39:42.751679 | order_processing | data_error | $0.05 | simulated
2025-10-26 12:39:51 | demo_client | queue_pressure | $0.0500 | success
2025-10-26 12:39:51 | order_processing | queue_pressure | $0.0974 | success
2025-10-26T07:39:51.768604 | order_processing | queue_pressure | $0.05 | simulated
2025-10-26 12:40:01 | demo_client | api_failure | $0.0500 | success
2025-10-26 12:40:01 | order_processing | api_failure | $0.0980 | success
2025-10-26T07:40:01.785677 | order_processing | api_failure | $0.05 | simulated
2025-10-26 12:40:08 | demo_client | queue_pressure | $0.0500 | success
2025-10-26 12:40:08 | invoice_processing | queue_pressure | $0.0929 | success
2025-10-26T07:40:08.801247 | invoice_processing | queue_pressure | $0.05 | simulated
2025-10-26 12:40:13 | demo_client | workflow_delay | $0.0500 | success
2025-10-26 12:40:13 | invoice_processing | workflow_delay | $0.0965 | success
2025-10-26T07:40:13.817344 | invoice_processing | workflow_delay | $0.05 | simulated
2025-10-26 12:40:20 | demo_client | data_error | $0.0500 | success
2025-10-26 12:40:20 | order_processing | data_error | $0.0959 | success
2025-10-26T07:40:20.834203 | order_processing | data_error | $0.05 | simulated
2025-10-26 12:40:30 | demo_client | data_error | $0.0500 | success
2025-10-26 12:40:30 | invoice_processing | data_error | $0.0938 | success
2025-10-26T07:40:30.853335 | invoice_processing | data_error | $0.05 | simulated
2025-10-26 12:40:38 | demo_client | data_error | $0.0500 | success
2025-10-26 12:40:38 | invoice_processing | data_error | $0.0930 | success
2025-10-26T07:40:38.870229 | invoice_processing | data_error | $0.05 | simulated
2025-10-26 12:40:43 | demo_client | data_error | $0.0500 | success
2025-10-26 12:40:43 | order_processing | data_error | $0.0933 | success
2025-10-26T07:40:43.888357 | order_processing | data_error | $0.05 | simulated
2025-10-26 12:40:50 | demo_client | data_error | $0.0500 | success
2025-10-26 12:40:50 | customer_support | data_error | $0.0943 | success
2025-10-26T07:40:50.905230 | customer_support | data_error | $0.05 | simulated
2025-10-26 12:40:57 | demo_client | queue_pressure | $0.0500 | success
2025-10-26 12:40:57 | order_processing | queue_pressure | $0.0879 | success
2025-10-26T07:40:57.922414 | order_processing | queue_pressure | $0.05 | simulated
2025-10-26 12:41:06 | demo_client | workflow_delay | $0.0500 | success
2025-10-26 12:41:06 | order_processing | workflow_delay | $0.0971 | success
2025-10-26T07:41:06.939661 | order_processing | workflow_delay | $0.05 | simulated
2025-10-26 12:41:16 | demo_client | api_failure | $0.0500 | success
2025-10-26 12:41:16 | order_processing | api_failure | $0.0980 | success
2025-10-26T07:41:16.024895 | order_processing | api_failure | $0.05 | simulated
2025-10-26 12:41:25 | demo_client | workflow_delay | $0.0500 | success
2025-10-26 12:41:25 | order_processing | workflow_delay | $0.0884 | success
2025-10-26T07:41:25.073302 | order_processing | workflow_delay | $0.05 | simulated
2025-10-26 12:41:30 | demo_client | data_error | $0.0500 | success
2025-10-26 12:41:30 | customer_support | data_error | $0.0964 | success
2025-10-26T07:41:30.119685 | customer_support | data_error | $0.05 | simulated
2025-10-26 12:41:36 | demo_client | api_failure | $0.0500 | success
2025-10-26 12:41:36 | invoice_processing | api_failure | $0.0966 | success
2025-10-26T07:41:36.183945 | invoice_processing | api_failure | $0.05 | simulated
2025-10-26 12:41:41 | demo_client | queue_pressure | $0.0500 | success
2025-10-26 12:41:41 | invoice_processing | queue_pressure | $0.0910 | success
2025-10-26T07:41:41.236039 | invoice_processing | queue_pressure | $0.05 | simulated
2025-10-26 12:41:48 | demo_client | api_failure | $0.0500 | success
2025-10-26 12:41:48 | customer_support | api_failure | $0.0899 | success
2025-10-26T07:41:48.283563 | customer_support | api_failure | $0.05 | simulated
2025-10-26 12:41:58 | demo_client | workflow_delay | $0.0500 | success
2025-10-26 12:41:58 | order_processing | workflow_delay | $0.0982 | success
2025-10-26T07:41:58.332427 | order_processing | workflow_delay | $0.05 | simulated
2025-10-26 12:42:04 | demo_client | api_failure | $0.0500 | success
2025-10-26 12:42:04 | invoice_processing | api_failure | $0.0955 | success
2025-10-26T07:42:04.364324 | invoice_processing | api_failure | $0.05 | simulated
2025-10-26 12:42:12 | demo_client | data_error | $0.0500 | success
2025-10-26 12:42:12 | order_processing | data_error | $0.0930 | success
2025-10-26T07:42:12.411828 | order_processing | data_error | $0.05 | simulated
2025-10-26 12:42:22 | demo_client | workflow_delay | $0.0500 | success
2025-10-26 12:42:22 | customer_support | workflow_delay | $0.0964 | success
2025-10-26T07:42:22.454813 | customer_support | workflow_delay | $0.05 | simulated
2025-10-26 12:42:32 | demo_client | api_failure | $0.0500 | success
2025-10-26 12:42:32 | order_processing | api_failure | $0.0911 | success
2025-10-26T07:42:32.497011 | order_processing | api_failure | $0.05 | simulated
2025-10-26 12:42:40 | demo_client | queue_pressure | $0.0500 | success
2025-10-26 12:42:40 | invoice_processing | queue_pressure | $0.0898 | success
2025-10-26T07:42:40.555490 | invoice_processing | queue_pressure | $0.05 | simulated
2025-10-26 12:42:49 | demo_client | api_failure | $0.0500 | success
2025-10-26 12:42:49 | order_processing | api_failure | $0.0899 | success
2025-10-26T07:42:49.596406 | order_processing | api_failure | $0.05 | simulated
2025-10-26 12:42:59 | demo_client | queue_pressure | $0.0500 | success
2025-10-26 12:42:59 | invoice_processing | queue_pressure | $0.0894 | success
2025-10-26T07:42:59.629833 | invoice_processing | queue_pressure | $0.05 | simulated
2025-10-26 12:43:07 | demo_client | workflow_delay | $0.0500 | success
2025-10-26 12:43:07 | customer_support | workflow_delay | $0.0949 | success
2025-10-26T07:43:07.644478 | customer_support | workflow_delay | $0.05 | simulated
2025-10-26 12:43:15 | demo_client | data_error | $0.0500 | success
2025-10-26 12:43:15 | invoice_processing | data_error | $0.0926 | success
2025-10-26T07:43:15.694245 | invoice_processing | data_error | $0.05 | simulated
2025-10-26 12:43:25 | demo_client | queue_pressure | $0.0500 | success
2025-10-26 12:43:25 | order_processing | queue_pressure | $0.0902 | success
2025-10-26T07:43:25.736939 | order_processing | queue_pressure | $0.05 | simulated
2025-10-26 12:43:32 | demo_client | api_failure | $0.0500 | success
2025-10-26 12:43:32 | invoice_processing | api_failure | $0.0904 | success
2025-10-26T07:43:32.789032 | invoice_processing | api_failure | $0.05 | simulated
2025-10-26 12:43:40 | demo_client | workflow_delay | $0.0500 | success
2025-10-26 12:43:40 | invoice_processing | workflow_delay | $0.0878 | success
2025-10-26T07:43:40.841599 | invoice_processing | workflow_delay | $0.05 | simulated
2025-10-26 12:43:49 | demo_client | queue_pressure | $0.0500 | success
2025-10-26 12:43:49 | invoice_processing | queue_pressure | $0.0986 | success
2025-10-26T07:43:49.903101 | invoice_processing | queue_pressure | $0.05 | simulated
2025-10-26 12:43:58 | demo_client | api_failure | $0.0500 | success
2025-10-26 12:43:58 | customer_support | api_failure | $0.0881 | success
2025-10-26T07:43:58.934166 | customer_support | api_failure | $0.05 | simulated
2025-10-26 12:44:05 | demo_client | data_error | $0.0500 | success
2025-10-26 12:44:05 | order_processing | data_error | $0.0894 | success
2025-10-26T07:44:05.949294 | order_processing | data_error | $0.05 | simulated
2025-10-26 12:44:15 | demo_client | data_error | $0.0500 | success
2025-10-26 12:44:15 | invoice_processing | data_error | $0.0898 | success
2025-10-26T07:44:15.982366 | invoice_processing | data_error | $0.05 | simulated
2025-10-26 12:44:22 | demo_client | data_error | $0.0500 | success
2025-10-26 12:44:22 | order_processing | data_error | $0.0975 | success
2025-10-26T07:44:22.041255 | order_processing | data_error | $0.05 | simulated
2025-10-26 12:44:29 | demo_client | workflow_delay | $0.0500 | success
2025-10-26 12:44:29 | order_processing | workflow_delay | $0.0939 | success
2025-10-26T07:44:29.073570 | order_processing | workflow_delay | $0.05 | simulated
2025-10-26 12:44:38 | demo_client | workflow_delay | $0.0500 | success
2025-10-26 12:44:38 | order_processing | workflow_delay | $0.0879 | success
2025-10-26T07:44:38.135416 | order_processing | workflow_delay | $0.05 | simulated
2025-10-26 12:44:44 | demo_client | workflow_delay | $0.0500 | success
2025-10-26 12:44:44 | order_processing | workflow_delay | $0.0979 | success
2025-10-26T07:44:44.178288 | order_processing | workflow_delay | $0.05 | simulated
2025-10-26 12:44:49 | demo_client | queue_pressure | $0.0500 | success
2025-10-26 12:44:49 | customer_support | queue_pressure | $0.0931 | success
2025-10-26T07:44:49.240527 | customer_support | queue_pressure | $0.05 | simulated
2025-10-26 12:44:57 | demo_client | workflow_delay | $0.0500 | success
2025-10-26 12:44:59 | demo_client | api_failure | $0.0500 | success
2025-10-26 12:44:59 | customer_support | api_failure | $0.0944 | success
2025-10-26T07:44:59.258796 | customer_support | api_failure | $0.05 | simulated
2025-10-26 12:45:02 | demo_client | workflow_delay | $0.0500 | success
2025-10-26 12:45:07 | demo_client | workflow_delay | $0.0500 | success
2025-10-26 12:45:09 | demo_client | api_failure | $0.0500 | success
2025-10-26 12:45:09 | order_processing | api_failure | $0.0965 | success
2025-10-26T07:45:09.276251 | order_processing | api_failure | $0.05 | simulated
2025-10-26 12:45:12 | demo_client | workflow_delay | $0.0500 | success
2025-10-26 12:45:17 | demo_client | workflow_delay | $0.0500 | success
2025-10-26 12:45:19 | demo_client | queue_pressure | $0.0500 | success
2025-10-26 12:45:19 | invoice_processing | queue_pressure | $0.0917 | success
2025-10-26T07:45:19.293702 | invoice_processing | queue_pressure | $0.05 | simulated
2025-10-26 12:45:23 | demo_client | workflow_delay | $0.0500 | success
2025-10-26 12:45:27 | demo_client | workflow_delay | $0.0500 | success
2025-10-26 12:45:27 | invoice_processing | workflow_delay | $0.0896 | success
2025-10-26T07:45:27.322212 | invoice_processing | workflow_delay | $0.05 | simulated
2025-10-26 12:45:29 | demo_client | workflow_delay | $0.0500 | success
2025-10-26 12:45:32 | demo_client | workflow_delay | $0.0500 | success
2025-10-26 12:45:37 | demo_client | api_failure | $0.0500 | success
2025-10-26 12:45:37 | customer_support | api_failure | $0.0947 | success
2025-10-26T07:45:37.339848 | customer_support | api_failure | $0.05 | simulated
2025-10-26 12:45:42 | demo_client | api_failure | $0.0500 | success
2025-10-26 12:45:42 | order_processing | api_failure | $0.0901 | success
2025-10-26T07:45:42.349330 | order_processing | api_failure | $0.05 | simulated
2025-10-26 12:45:50 | demo_client | api_failure | $0.0500 | success
2025-10-26 12:45:50 | order_processing | api_failure | $0.0902 | success
2025-10-26T07:45:50.359212 | order_processing | api_failure | $0.05 | simulated
2025-10-26 12:45:59 | demo_client | data_error | $0.0500 | success
2025-10-26 12:45:59 | invoice_processing | data_error | $0.0908 | success
2025-10-26T07:45:59.379983 | invoice_processing | data_error | $0.05 | simulated
2025-10-26 12:46:04 | demo_client | workflow_delay | $0.0500 | success
2025-10-26 12:46:04 | order_processing | workflow_delay | $0.0916 | success
2025-10-26T07:46:04.391444 | order_processing | workflow_delay | $0.05 | simulated
2025-10-26 12:46:11 | demo_client | workflow_delay | $0.0500 | success
2025-10-26 12:46:11 | order_processing | workflow_delay | $0.0887 | success
2025-10-26T07:46:11.410471 | order_processing | workflow_delay | $0.05 | simulated
2025-10-26 12:46:19 | demo_client | data_error | $0.0500 | success
2025-10-26 12:46:19 | invoice_processing | data_error | $0.0917 | success
2025-10-26T07:46:19.428158 | invoice_processing | data_error | $0.05 | simulated
2025-10-26 12:46:27 | demo_client | workflow_delay | $0.0500 | success
2025-10-26 12:46:27 | order_processing | workflow_delay | $0.0984 | success
2025-10-26T07:46:27.446077 | order_processing | workflow_delay | $0.05 | simulated
2025-10-26 12:46:34 | demo_client | queue_pressure | $0.0500 | success
2025-10-26 12:46:34 | customer_support | queue_pressure | $0.0916 | success
2025-10-26T07:46:34.454967 | customer_support | queue_pressure | $0.05 | simulated
2025-10-26 12:46:40 | demo_client | data_error | $0.0500 | success
2025-10-26 12:46:40 | order_processing | data_error | $0.0906 | success
2025-10-26T07:46:40.466433 | order_processing | data_error | $0.05 | simulated
2025-10-26 12:46:50 | demo_client | data_error | $0.0500 | success
2025-10-26 12:46:50 | customer_support | data_error | $0.0969 | success
2025-10-26T07:46:50.515610 | customer_support | data_error | $0.05 | simulated
2025-10-26 12:46:58 | demo_client | workflow_delay | $0.0500 | success
2025-10-26 12:46:58 | order_processing | workflow_delay | $0.0985 | success
2025-10-26T07:46:58.559796 | order_processing | workflow_delay | $0.05 | simulated
2025-10-26 12:47:03 | demo_client | workflow_delay | $0.0500 | success
2025-10-26 12:47:03 | customer_support | workflow_delay | $0.0974 | success
2025-10-26T07:47:03.568651 | customer_support | workflow_delay | $0.05 | simulated
2025-10-26 12:47:10 | demo_client | workflow_delay | $0.0500 | success
2025-10-26 12:47:10 | customer_support | workflow_delay | $0.0894 | success
2025-10-26T07:47:10.605878 | customer_support | workflow_delay | $0.05 | simulated
2025-10-26 12:47:17 | demo_client | workflow_delay | $0.0500 | success
2025-10-26 12:47:17 | customer_support | workflow_delay | $0.0894 | success
2025-10-26T07:47:17.636873 | customer_support | workflow_delay | $0.05 | simulated
2025-10-26 12:47:26 | demo_client | workflow_delay | $0.0500 | success
2025-10-26 12:47:26 | customer_support | workflow_delay | $0.0934 | success
2025-10-26T07:47:26.682600 | customer_support | workflow_delay | $0.05 | simulated
2025-10-26 12:47:32 | demo_client | api_failure | $0.0500 | success
2025-10-26 12:47:32 | order_processing | api_failure | $0.0985 | success
2025-10-26T07:47:32.717984 | order_processing | api_failure | $0.05 | simulated
2025-10-26 12:47:37 | demo_client | queue_pressure | $0.0500 | success
2025-10-26 12:47:37 | customer_support | queue_pressure | $0.0959 | success
2025-10-26T07:47:37.792345 | customer_support | queue_pressure | $0.05 | simulated
2025-10-26 12:47:44 | demo_client | workflow_delay | $0.0500 | success
2025-10-26 12:47:44 | invoice_processing | workflow_delay | $0.0904 | success
2025-10-26T07:47:44.827320 | invoice_processing | workflow_delay | $0.05 | simulated
2025-10-26 12:47:52 | demo_client | workflow_delay | $0.0500 | success
2025-10-26 12:47:54 | demo_client | api_failure | $0.0500 | success
2025-10-26 12:47:54 | customer_support | api_failure | $0.0906 | success
2025-10-26T07:47:54.845423 | customer_support | api_failure | $0.05 | simulated
2025-10-26 12:47:57 | demo_client | workflow_delay | $0.0500 | success
2025-10-26 12:48:00 | demo_client | api_failure | $0.0500 | success
2025-10-26 12:48:00 | customer_support | api_failure | $0.0878 | success
2025-10-26T07:48:00.863026 | customer_support | api_failure | $0.05 | simulated
2025-10-26 12:48:03 | demo_client | workflow_delay | $0.0500 | success
2025-10-26 12:48:07 | demo_client | workflow_delay | $0.0500 | success
2025-10-26 12:48:10 | demo_client | workflow_delay | $0.0500 | success
2025-10-26 12:48:10 | invoice_processing | workflow_delay | $0.0880 | success
2025-10-26T07:48:10.880012 | invoice_processing | workflow_delay | $0.05 | simulated
2025-10-26 12:48:19 | demo_client | workflow_delay | $0.0500 | success
2025-10-26 12:48:30 | demo_client | workflow_delay | $0.0500 | success
2025-10-26 12:58:06 | demo_client | workflow_delay | $0.0500 | success
2025-10-26 12:58:16 | demo_client | workflow_delay | $0.0500 | success
2025-10-26 12:58:18 | demo_client | workflow_delay | $0.0500 | success
2025-10-26 12:58:22 | demo_client | workflow_delay | $0.0500 | success
2025-10-26 12:58:27 | demo_client | workflow_delay | $0.0500 | success
2025-10-26 13:21:40 | demo_client | workflow_delay | $0.0500 | success
2025-10-26 13:21:48 | demo_client | workflow_delay | $0.0500 | success
2025-10-26 13:28:03 | demo_client | workflow_delay | $0.0500 | success
2025-10-26 13:28:16 | demo_client | workflow_delay | $0.0500 | success
2025-10-26 13:32:32 | demo_client | workflow_delay | $0.0500 | success
2025-10-26 13:32:35 | demo_client | workflow_delay | $0.0500 | success
2025-10-26 13:35:59 | demo_client | workflow_delay | $0.0500 | success
2025-10-26 13:36:04 | demo_client | workflow_delay | $0.0500 | success
2025-10-26 13:36:10 | demo_client | workflow_delay | $0.0500 | success
2025-10-26 13:36:15 | demo_client | workflow_delay | $0.0500 | success
2025-10-26 13:38:36 | demo_client | workflow_delay | $0.0500 | success
2025-10-26 13:38:41 | demo_client | workflow_delay | $0.0500 | success
2025-10-26 13:38:48 | demo_client | workflow_delay | $0.0500 | success
2025-10-26 13:46:24 | demo_client | workflow_delay | $0.0500 | success
2025-10-26 13:46:27 | demo_client | workflow_delay | $0.0500 | success
2025-10-26 13:46:30 | demo_client | workflow_delay | $0.0500 | success
2025-10-26 13:46:35 | demo_client | workflow_delay | $0.0500 | success
2025-10-26 13:49:15 | demo_client | workflow_delay | $0.0500 | success
2025-10-26 13:49:25 | demo_client | workflow_delay | $0.0500 | success
2025-10-26 13:50:08 | demo_client | workflow_delay | $0.0500 | success
2025-10-26 13:50:21 | demo_client | workflow_delay | $0.0500 | success
2025-10-26 13:50:36 | demo_client | workflow_delay | $0.0500 | success
2025-10-26 13:50:36 | customer_support | workflow_delay | $0.0947 | success
2025-10-26 13:50:40 | demo_client | workflow_delay | $0.0500 | success
2025-10-26 13:50:40 | order_processing | workflow_delay | $0.0885 | success
2025-10-26T08:50:40.277730 | order_processing | workflow_delay | $0.05 | simulated
2025-10-26 13:50:46 | demo_client | queue_pressure | $0.0500 | success
2025-10-26 13:50:46 | invoice_processing | queue_pressure | $0.0908 | success
2025-10-26T08:50:46.293520 | invoice_processing | queue_pressure | $0.05 | simulated
2025-10-26 13:50:55 | demo_client | data_error | $0.0500 | success
2025-10-26 13:50:55 | customer_support | data_error | $0.0955 | success
2025-10-26T08:50:55.311955 | customer_support | data_error | $0.05 | simulated
2025-10-26 13:51:05 | demo_client | data_error | $0.0500 | success
2025-10-26 13:51:05 | order_processing | data_error | $0.0953 | success
2025-10-26T08:51:05.319719 | order_processing | data_error | $0.05 | simulated
2025-10-26 13:51:11 | demo_client | workflow_delay | $0.0500 | success
2025-10-26 13:51:11 | order_processing | workflow_delay | $0.0934 | success
2025-10-26T08:51:11.327390 | order_processing | workflow_delay | $0.05 | simulated
2025-10-26 13:51:20 | demo_client | queue_pressure | $0.0500 | success
2025-10-26 13:51:20 | invoice_processing | queue_pressure | $0.0949 | success
2025-10-26T08:51:20.354760 | invoice_processing | queue_pressure | $0.05 | simulated
2025-10-26 13:51:29 | demo_client | data_error | $0.0500 | success
2025-10-26 13:51:29 | order_processing | data_error | $0.0910 | success
2025-10-26T08:51:29.363519 | order_processing | data_error | $0.05 | simulated
2025-10-26 13:51:39 | demo_client | queue_pressure | $0.0500 | success
2025-10-26 13:51:39 | invoice_processing | queue_pressure | $0.0885 | success
2025-10-26T08:51:39.373294 | invoice_processing | queue_pressure | $0.05 | simulated
2025-10-26 13:51:46 | demo_client | workflow_delay | $0.0500 | success
2025-10-26 13:51:46 | order_processing | workflow_delay | $0.0908 | success
2025-10-26T08:51:46.399268 | order_processing | workflow_delay | $0.05 | simulated
2025-10-26 13:51:54 | demo_client | queue_pressure | $0.0500 | success
2025-10-26 13:51:54 | customer_support | queue_pressure | $0.0974 | success
2025-10-26T08:51:54.413718 | customer_support | queue_pressure | $0.05 | simulated
2025-10-26 13:51:59 | demo_client | api_failure | $0.0500 | success
2025-10-26 13:51:59 | order_processing | api_failure | $0.0964 | success
2025-10-26T08:51:59.438559 | order_processing | api_failure | $0.05 | simulated
2025-10-26 13:52:07 | demo_client | queue_pressure | $0.0500 | success
2025-10-26 13:52:07 | invoice_processing | queue_pressure | $0.0921 | success
2025-10-26T08:52:07.465009 | invoice_processing | queue_pressure | $0.05 | simulated
2025-10-26 13:52:12 | demo_client | queue_pressure | $0.0500 | success
2025-10-26 13:52:12 | customer_support | queue_pressure | $0.0941 | success
2025-10-26T08:52:12.491045 | customer_support | queue_pressure | $0.05 | simulated
2025-10-26 13:52:18 | demo_client | api_failure | $0.0500 | success
2025-10-26 13:52:18 | customer_support | api_failure | $0.0905 | success
2025-10-26T08:52:18.507049 | customer_support | api_failure | $0.05 | simulated
2025-10-26 13:52:28 | demo_client | data_error | $0.0500 | success
2025-10-26 13:52:28 | customer_support | data_error | $0.0902 | success
2025-10-26T08:52:28.519724 | customer_support | data_error | $0.05 | simulated
2025-10-26 13:52:35 | demo_client | queue_pressure | $0.0500 | success
2025-10-26 13:52:35 | invoice_processing | queue_pressure | $0.0901 | success
2025-10-26T08:52:35.537619 | invoice_processing | queue_pressure | $0.05 | simulated
2025-10-26 13:52:42 | demo_client | workflow_delay | $0.0500 | success
2025-10-26 13:52:42 | customer_support | workflow_delay | $0.0958 | success
2025-10-26T08:52:42.553845 | customer_support | workflow_delay | $0.05 | simulated
2025-10-26 13:52:48 | demo_client | data_error | $0.0500 | success
2025-10-26 13:52:48 | order_processing | data_error | $0.0988 | success
2025-10-26T08:52:48.572989 | order_processing | data_error | $0.05 | simulated
2025-10-26 13:52:56 | demo_client | api_failure | $0.0500 | success
2025-10-26 13:52:56 | order_processing | api_failure | $0.0902 | success
2025-10-26T08:52:56.582808 | order_processing | api_failure | $0.05 | simulated
2025-10-26 13:53:05 | demo_client | queue_pressure | $0.0500 | success
2025-10-26 13:53:05 | customer_support | queue_pressure | $0.0900 | success
2025-10-26T08:53:05.592866 | customer_support | queue_pressure | $0.05 | simulated
2025-10-26 13:53:11 | demo_client | queue_pressure | $0.0500 | success
2025-10-26 13:53:11 | customer_support | queue_pressure | $0.0937 | success
2025-10-26T08:53:11.604440 | customer_support | queue_pressure | $0.05 | simulated
2025-10-26 13:53:17 | demo_client | workflow_delay | $0.0500 | success
2025-10-26 13:53:17 | customer_support | workflow_delay | $0.0921 | success
2025-10-26T08:53:17.615457 | customer_support | workflow_delay | $0.05 | simulated
2025-10-26 13:53:24 | demo_client | workflow_delay | $0.0500 | success
2025-10-26 13:53:24 | order_processing | workflow_delay | $0.0954 | success
2025-10-26T08:53:24.636858 | order_processing | workflow_delay | $0.05 | simulated
2025-10-26 13:53:34 | demo_client | workflow_delay | $0.0500 | success
2025-10-26 13:53:34 | invoice_processing | workflow_delay | $0.0965 | success
2025-10-26T08:53:34.660887 | invoice_processing | workflow_delay | $0.05 | simulated
2025-10-26 13:53:42 | demo_client | queue_pressure | $0.0500 | success
2025-10-26 13:53:42 | order_processing | queue_pressure | $0.0919 | success
2025-10-26T08:53:42.738885 | order_processing | queue_pressure | $0.05 | simulated
2025-10-26 13:53:50 | demo_client | api_failure | $0.0500 | success
2025-10-26 13:53:50 | invoice_processing | api_failure | $0.0879 | success
2025-10-26T08:53:50.755989 | invoice_processing | api_failure | $0.05 | simulated
2025-10-26 13:53:56 | demo_client | api_failure | $0.0500 | success
2025-10-26 13:53:56 | order_processing | api_failure | $0.0943 | success
2025-10-26T08:53:56.772448 | order_processing | api_failure | $0.05 | simulated
2025-10-26 13:54:04 | demo_client | workflow_delay | $0.0500 | success
2025-10-26 13:54:04 | customer_support | workflow_delay | $0.0928 | success
2025-10-26T08:54:04.789604 | customer_support | workflow_delay | $0.05 | simulated
2025-10-26 13:54:11 | demo_client | workflow_delay | $0.0500 | success
2025-10-26 13:54:11 | order_processing | workflow_delay | $0.0942 | success
2025-10-26T08:54:11.797787 | order_processing | workflow_delay | $0.05 | simulated
2025-10-26 13:54:16 | demo_client | api_failure | $0.0500 | success
2025-10-26 13:54:16 | order_processing | api_failure | $0.0938 | success
2025-10-26T08:54:16.821698 | order_processing | api_failure | $0.05 | simulated
2025-10-26 13:54:21 | demo_client | data_error | $0.0500 | success
2025-10-26 13:54:21 | order_processing | data_error | $0.0979 | success
2025-10-26T08:54:21.833776 | order_processing | data_error | $0.05 | simulated
2025-10-26 13:54:26 | demo_client | workflow_delay | $0.0500 | success
2025-10-26 13:54:26 | customer_support | workflow_delay | $0.0884 | success
2025-10-26T08:54:26.850155 | customer_support | workflow_delay | $0.05 | simulated
2025-10-26 13:54:28 | demo_client | workflow_delay | $0.0500 | success
2025-10-26 13:54:34 | demo_client | workflow_delay | $0.0500 | success
2025-10-26 13:54:34 | customer_support | workflow_delay | $0.0876 | success
2025-10-26T08:54:34.867124 | customer_support | workflow_delay | $0.05 | simulated
2025-10-26 13:54:39 | demo_client | queue_pressure | $0.0500 | success
2025-10-26 13:54:39 | customer_support | queue_pressure | $0.0909 | success
2025-10-26T08:54:39.894660 | customer_support | queue_pressure | $0.05 | simulated
2025-10-26 13:54:44 | demo_client | workflow_delay | $0.0500 | success
2025-10-26 13:54:44 | customer_support | workflow_delay | $0.0956 | success
2025-10-26T08:54:44.911365 | customer_support | workflow_delay | $0.05 | simulated
2025-10-26 13:54:52 | demo_client | data_error | $0.0500 | success
2025-10-26 13:54:52 | customer_support | data_error | $0.0957 | success
2025-10-26T08:54:52.945702 | customer_support | data_error | $0.05 | simulated
2025-10-26 13:54:58 | demo_client | data_error | $0.0500 | success
2025-10-26 13:54:58 | invoice_processing | data_error | $0.0969 | success
2025-10-26T08:54:58.964425 | invoice_processing | data_error | $0.05 | simulated
2025-10-26 13:55:08 | demo_client | data_error | $0.0500 | success
2025-10-26 13:55:08 | invoice_processing | data_error | $0.0879 | success
2025-10-26T08:55:08.992728 | invoice_processing | data_error | $0.05 | simulated
2025-10-26 13:55:14 | demo_client | api_failure | $0.0500 | success
2025-10-26 13:55:14 | order_processing | api_failure | $0.0978 | success
2025-10-26T08:55:14.007700 | order_processing | api_failure | $0.05 | simulated
2025-10-26 13:55:19 | demo_client | queue_pressure | $0.0500 | success
2025-10-26 13:55:19 | order_processing | queue_pressure | $0.0897 | success
2025-10-26T08:55:19.026601 | order_processing | queue_pressure | $0.05 | simulated
2025-10-26 13:55:26 | demo_client | workflow_delay | $0.0500 | success
2025-10-26 13:55:26 | invoice_processing | workflow_delay | $0.0982 | success
2025-10-26T08:55:26.042393 | invoice_processing | workflow_delay | $0.05 | simulated
2025-10-26 13:55:32 | demo_client | workflow_delay | $0.0500 | success
2025-10-26 13:55:32 | invoice_processing | workflow_delay | $0.0953 | success
2025-10-26T08:55:32.058253 | invoice_processing | workflow_delay | $0.05 | simulated
2025-10-26 13:55:40 | demo_client | data_error | $0.0500 | success
2025-10-26 13:55:40 | invoice_processing | data_error | $0.0963 | success
2025-10-26T08:55:40.085147 | invoice_processing | data_error | $0.05 | simulated
2025-10-26 13:55:47 | demo_client | api_failure | $0.0500 | success
2025-10-26 13:55:47 | order_processing | api_failure | $0.0922 | success
2025-10-26T08:55:47.140119 | order_processing | api_failure | $0.05 | simulated
2025-10-26 13:55:54 | demo_client | queue_pressure | $0.0500 | success
2025-10-26 13:55:54 | invoice_processing | queue_pressure | $0.0901 | success
2025-10-26T08:55:54.210515 | invoice_processing | queue_pressure | $0.05 | simulated
2025-10-26 13:56:02 | demo_client | data_error | $0.0500 | success
2025-10-26 13:56:02 | order_processing | data_error | $0.0884 | success
2025-10-26T08:56:02.227800 | order_processing | data_error | $0.05 | simulated
2025-10-26 13:56:11 | demo_client | api_failure | $0.0500 | success
2025-10-26 13:56:11 | customer_support | api_failure | $0.0972 | success
2025-10-26T08:56:11.254762 | customer_support | api_failure | $0.05 | simulated
2025-10-26 13:56:16 | demo_client | queue_pressure | $0.0500 | success
2025-10-26 13:56:16 | customer_support | queue_pressure | $0.0919 | success
2025-10-26T08:56:16.307636 | customer_support | queue_pressure | $0.05 | simulated
2025-10-26 13:56:23 | demo_client | api_failure | $0.0500 | success
2025-10-26 13:56:23 | customer_support | api_failure | $0.0964 | success
2025-10-26T08:56:23.348713 | customer_support | api_failure | $0.05 | simulated
2025-10-26 13:56:32 | demo_client | workflow_delay | $0.0500 | success
2025-10-26 13:56:32 | order_processing | workflow_delay | $0.0909 | success
2025-10-26T08:56:32.402022 | order_processing | workflow_delay | $0.05 | simulated
2025-10-26 13:56:41 | demo_client | queue_pressure | $0.0500 | success
2025-10-26 13:56:41 | order_processing | queue_pressure | $0.0972 | success
2025-10-26T08:56:41.442756 | order_processing | queue_pressure | $0.05 | simulated
2025-10-26 13:56:51 | demo_client | workflow_delay | $0.0500 | success
2025-10-26 13:56:51 | invoice_processing | workflow_delay | $0.0943 | success
2025-10-26T08:56:51.493828 | invoice_processing | workflow_delay | $0.05 | simulated
2025-10-26 13:57:00 | demo_client | workflow_delay | $0.0500 | success
2025-10-26 13:57:00 | invoice_processing | workflow_delay | $0.0918 | success
2025-10-26T08:57:00.511252 | invoice_processing | workflow_delay | $0.05 | simulated
2025-10-26 13:57:10 | demo_client | queue_pressure | $0.0500 | success
2025-10-26 13:57:10 | customer_support | queue_pressure | $0.0959 | success
2025-10-26T08:57:10.535404 | customer_support | queue_pressure | $0.05 | simulated
2025-10-26 13:57:15 | demo_client | workflow_delay | $0.0500 | success
2025-10-26 13:57:15 | order_processing | workflow_delay | $0.0910 | success
2025-10-26T08:57:15.588977 | order_processing | workflow_delay | $0.05 | simulated
2025-10-26 13:57:21 | demo_client | data_error | $0.0500 | success
2025-10-26 13:57:21 | customer_support | data_error | $0.0972 | success
2025-10-26T08:57:21.650923 | customer_support | data_error | $0.05 | simulated
2025-10-26 13:57:31 | demo_client | api_failure | $0.0500 | success
2025-10-26 13:57:31 | invoice_processing | api_failure | $0.0945 | success
2025-10-26T08:57:31.703243 | invoice_processing | api_failure | $0.05 | simulated
2025-10-26 13:57:41 | demo_client | api_failure | $0.0500 | success
2025-10-26 13:57:41 | customer_support | api_failure | $0.0877 | success
2025-10-26T08:57:41.751476 | customer_support | api_failure | $0.05 | simulated
2025-10-26 13:57:49 | demo_client | api_failure | $0.0500 | success
2025-10-26 13:57:49 | customer_support | api_failure | $0.0916 | success
2025-10-26T08:57:49.842181 | customer_support | api_failure | $0.05 | simulated
2025-10-26 13:57:54 | demo_client | data_error | $0.0500 | success
2025-10-26 13:57:54 | invoice_processing | data_error | $0.0921 | success
2025-10-26T08:57:54.895947 | invoice_processing | data_error | $0.05 | simulated
2025-10-26 13:58:04 | demo_client | workflow_delay | $0.0500 | success
2025-10-26 13:58:04 | customer_support | workflow_delay | $0.0985 | success
2025-10-26T08:58:04.911923 | customer_support | workflow_delay | $0.05 | simulated
2025-10-26 13:58:14 | demo_client | queue_pressure | $0.0500 | success
2025-10-26 13:58:14 | invoice_processing | queue_pressure | $0.0958 | success
2025-10-26T08:58:14.974226 | invoice_processing | queue_pressure | $0.05 | simulated
2025-10-26 13:58:24 | demo_client | workflow_delay | $0.0500 | success
2025-10-26 13:58:24 | invoice_processing | workflow_delay | $0.0917 | success
2025-10-26T08:58:24.022469 | invoice_processing | workflow_delay | $0.05 | simulated
2025-10-26 13:58:34 | demo_client | data_error | $0.0500 | success
2025-10-26 13:58:34 | invoice_processing | data_error | $0.0924 | success
2025-10-26T08:58:34.080198 | invoice_processing | data_error | $0.05 | simulated
2025-10-26 13:58:41 | demo_client | queue_pressure | $0.0500 | success
2025-10-26 13:58:41 | invoice_processing | queue_pressure | $0.0967 | success
2025-10-26T08:58:41.125005 | invoice_processing | queue_pressure | $0.05 | simulated
2025-10-26 13:58:49 | demo_client | data_error | $0.0500 | success
2025-10-26 13:58:49 | invoice_processing | data_error | $0.0876 | success
2025-10-26T08:58:49.171303 | invoice_processing | data_error | $0.05 | simulated
2025-10-26 13:58:56 | demo_client | queue_pressure | $0.0500 | success
2025-10-26 13:58:56 | order_processing | queue_pressure | $0.0884 | success
2025-10-26T08:58:56.215085 | order_processing | queue_pressure | $0.05 | simulated
2025-10-26 13:59:04 | demo_client | api_failure | $0.0500 | success
2025-10-26 13:59:04 | order_processing | api_failure | $0.0918 | success
2025-10-26T08:59:04.230721 | order_processing | api_failure | $0.05 | simulated
2025-10-26 13:59:13 | demo_client | api_failure | $0.0500 | success
2025-10-26 13:59:13 | customer_support | api_failure | $0.0982 | success
2025-10-26T08:59:13.285429 | customer_support | api_failure | $0.05 | simulated
2025-10-26 13:59:22 | demo_client | api_failure | $0.0500 | success
2025-10-26 13:59:22 | customer_support | api_failure | $0.0917 | success
2025-10-26T08:59:22.344248 | customer_support | api_failure | $0.05 | simulated
2025-10-26 13:59:32 | demo_client | workflow_delay | $0.0500 | success
2025-10-26 13:59:32 | invoice_processing | workflow_delay | $0.0978 | success
2025-10-26T08:59:32.388905 | invoice_processing | workflow_delay | $0.05 | simulated
2025-10-26 13:59:40 | demo_client | workflow_delay | $0.0500 | success
2025-10-26 13:59:40 | order_processing | workflow_delay | $0.0887 | success
2025-10-26T08:59:40.440279 | order_processing | workflow_delay | $0.05 | simulated
2025-10-26 13:59:48 | demo_client | data_error | $0.0500 | success
2025-10-26 13:59:48 | customer_support | data_error | $0.0986 | success
2025-10-26T08:59:48.486658 | customer_support | data_error | $0.05 | simulated
2025-10-26 13:59:56 | demo_client | data_error | $0.0500 | success
2025-10-26 13:59:56 | order_processing | data_error | $0.0909 | success
2025-10-26T08:59:56.532437 | order_processing | data_error | $0.05 | simulated
2025-10-26 14:00:05 | demo_client | data_error | $0.0500 | success
2025-10-26 14:00:05 | order_processing | data_error | $0.0976 | success
2025-10-26T09:00:05.563780 | order_processing | data_error | $0.05 | simulated
2025-10-26 14:00:15 | demo_client | workflow_delay | $0.0500 | success
2025-10-26 14:00:15 | customer_support | workflow_delay | $0.0970 | success
2025-10-26T09:00:15.614478 | customer_support | workflow_delay | $0.05 | simulated
2025-10-26 14:00:21 | demo_client | data_error | $0.0500 | success
2025-10-26 14:00:21 | invoice_processing | data_error | $0.0965 | success
2025-10-26T09:00:21.667944 | invoice_processing | data_error | $0.05 | simulated
2025-10-26 14:00:30 | demo_client | api_failure | $0.0500 | success
2025-10-26 14:00:30 | order_processing | api_failure | $0.0946 | success
2025-10-26T09:00:30.710309 | order_processing | api_failure | $0.05 | simulated
2025-10-26 14:00:39 | demo_client | queue_pressure | $0.0500 | success
2025-10-26 14:00:39 | customer_support | queue_pressure | $0.0951 | success
2025-10-26T09:00:39.760150 | customer_support | queue_pressure | $0.05 | simulated
2025-10-26 14:00:47 | demo_client | queue_pressure | $0.0500 | success
2025-10-26 14:00:47 | invoice_processing | queue_pressure | $0.0941 | success
2025-10-26T09:00:47.804188 | invoice_processing | queue_pressure | $0.05 | simulated
2025-10-26 14:00:55 | demo_client | api_failure | $0.0500 | success
2025-10-26 14:00:55 | invoice_processing | api_failure | $0.0909 | success
2025-10-26T09:00:55.833106 | invoice_processing | api_failure | $0.05 | simulated
2025-10-26 14:01:04 | demo_client | api_failure | $0.0500 | success
2025-10-26 14:01:04 | invoice_processing | api_failure | $0.0909 | success
2025-10-26T09:01:04.861530 | invoice_processing | api_failure | $0.05 | simulated
2025-10-26 14:01:10 | demo_client | data_error | $0.0500 | success
2025-10-26 14:01:10 | customer_support | data_error | $0.0903 | success
2025-10-26T09:01:10.907661 | customer_support | data_error | $0.05 | simulated
2025-10-26 14:01:17 | demo_client | api_failure | $0.0500 | success
2025-10-26 14:01:17 | invoice_processing | api_failure | $0.0909 | success
2025-10-26T09:01:17.949966 | invoice_processing | api_failure | $0.05 | simulated
2025-10-26 14:01:27 | demo_client | api_failure | $0.0500 | success
2025-10-26 14:01:27 | customer_support | api_failure | $0.0951 | success
2025-10-26T09:01:28.001834 | customer_support | api_failure | $0.05 | simulated
2025-10-26 14:01:35 | demo_client | api_failure | $0.0500 | success
2025-10-26 14:01:35 | invoice_processing | api_failure | $0.0979 | success
2025-10-26T09:01:35.047822 | invoice_processing | api_failure | $0.05 | simulated
2025-10-26 14:01:44 | demo_client | workflow_delay | $0.0500 | success
2025-10-26 14:01:44 | order_processing | workflow_delay | $0.0984 | success
2025-10-26T09:01:44.100696 | order_processing | workflow_delay | $0.05 | simulated
2025-10-26 14:01:50 | demo_client | api_failure | $0.0500 | success
2025-10-26 14:01:50 | customer_support | api_failure | $0.0910 | success
2025-10-26T09:01:50.210280 | customer_support | api_failure | $0.05 | simulated
2025-10-26 14:02:00 | demo_client | queue_pressure | $0.0500 | success
2025-10-26 14:02:00 | invoice_processing | queue_pressure | $0.0916 | success
2025-10-26T09:02:00.267184 | invoice_processing | queue_pressure | $0.05 | simulated
2025-10-26 14:02:05 | demo_client | queue_pressure | $0.0500 | success
2025-10-26 14:02:05 | customer_support | queue_pressure | $0.0987 | success
2025-10-26T09:02:05.284144 | customer_support | queue_pressure | $0.05 | simulated
2025-10-26 14:02:13 | demo_client | workflow_delay | $0.0500 | success
2025-10-26 14:02:13 | order_processing | workflow_delay | $0.0959 | success
2025-10-26T09:02:13.335514 | order_processing | workflow_delay | $0.05 | simulated
2025-10-26 14:02:20 | demo_client | api_failure | $0.0500 | success
2025-10-26 14:02:20 | customer_support | api_failure | $0.0960 | success
2025-10-26T09:02:20.406905 | customer_support | api_failure | $0.05 | simulated
2025-10-26 14:02:28 | demo_client | data_error | $0.0500 | success
2025-10-26 14:02:28 | invoice_processing | data_error | $0.0957 | success
2025-10-26T09:02:28.450877 | invoice_processing | data_error | $0.05 | simulated
2025-10-26 14:02:37 | demo_client | workflow_delay | $0.0500 | success
2025-10-26 14:02:37 | invoice_processing | workflow_delay | $0.0988 | success
2025-10-26T09:02:37.514133 | invoice_processing | workflow_delay | $0.05 | simulated
2025-10-26 14:02:44 | demo_client | workflow_delay | $0.0500 | success
2025-10-26 14:02:44 | order_processing | workflow_delay | $0.0943 | success
2025-10-26T09:02:44.562064 | order_processing | workflow_delay | $0.05 | simulated
2025-10-26 14:02:54 | demo_client | queue_pressure | $0.0500 | success
2025-10-26 14:02:54 | invoice_processing | queue_pressure | $0.0885 | success
2025-10-26T09:02:54.609468 | invoice_processing | queue_pressure | $0.05 | simulated
2025-10-26 14:03:01 | demo_client | api_failure | $0.0500 | success
2025-10-26 14:03:01 | customer_support | api_failure | $0.0983 | success
2025-10-26T09:03:01.624700 | customer_support | api_failure | $0.05 | simulated
2025-10-26 14:03:09 | demo_client | data_error | $0.0500 | success
2025-10-26 14:03:09 | invoice_processing | data_error | $0.0909 | success
2025-10-26T09:03:09.640774 | invoice_processing | data_error | $0.05 | simulated
2025-10-26 14:03:17 | demo_client | data_error | $0.0500 | success
2025-10-26 14:03:17 | order_processing | data_error | $0.0895 | success
2025-10-26T09:03:17.684823 | order_processing | data_error | $0.05 | simulated
2025-10-26 14:03:25 | demo_client | queue_pressure | $0.0500 | success
2025-10-26 14:03:25 | customer_support | queue_pressure | $0.0949 | success
2025-10-26T09:03:25.740220 | customer_support | queue_pressure | $0.05 | simulated
2025-10-26 14:03:30 | demo_client | queue_pressure | $0.0500 | success
2025-10-26 14:03:30 | customer_support | queue_pressure | $0.0911 | success
2025-10-26T09:03:30.818183 | customer_support | queue_pressure | $0.05 | simulated
2025-10-26 14:03:35 | demo_client | workflow_delay | $0.0500 | success
2025-10-26 14:03:35 | invoice_processing | workflow_delay | $0.0926 | success
2025-10-26T09:03:35.867219 | invoice_processing | workflow_delay | $0.05 | simulated
2025-10-26 14:03:40 | demo_client | data_error | $0.0500 | success
2025-10-26 14:03:40 | customer_support | data_error | $0.0960 | success
2025-10-26T09:03:40.920085 | customer_support | data_error | $0.05 | simulated
2025-10-26 14:03:50 | demo_client | queue_pressure | $0.0500 | success
2025-10-26 14:03:50 | invoice_processing | queue_pressure | $0.0953 | success
2025-10-26T09:03:51.002974 | invoice_processing | queue_pressure | $0.05 | simulated
2025-10-26 14:03:56 | demo_client | workflow_delay | $0.0500 | success
2025-10-26 14:03:56 | order_processing | workflow_delay | $0.0952 | success
2025-10-26T09:03:56.082105 | order_processing | workflow_delay | $0.05 | simulated
2025-10-26 14:04:03 | demo_client | data_error | $0.0500 | success
2025-10-26 14:04:03 | customer_support | data_error | $0.0962 | success
2025-10-26T09:04:03.100674 | customer_support | data_error | $0.05 | simulated
2025-10-26 14:04:10 | demo_client | workflow_delay | $0.0500 | success
2025-10-26 14:04:10 | invoice_processing | workflow_delay | $0.0893 | success
2025-10-26T09:04:10.116367 | invoice_processing | workflow_delay | $0.05 | simulated
2025-10-26 14:04:17 | demo_client | data_error | $0.0500 | success
2025-10-26 14:04:17 | invoice_processing | data_error | $0.0981 | success
2025-10-26T09:04:17.175761 | invoice_processing | data_error | $0.05 | simulated
2025-10-26 14:04:23 | demo_client | workflow_delay | $0.0500 | success
2025-10-26 14:04:23 | customer_support | workflow_delay | $0.0910 | success
2025-10-26T09:04:23.219334 | customer_support | workflow_delay | $0.05 | simulated
2025-10-26 14:04:28 | demo_client | data_error | $0.0500 | success
2025-10-26 14:04:28 | customer_support | data_error | $0.0945 | success
2025-10-26T09:04:28.270914 | customer_support | data_error | $0.05 | simulated
2025-10-26 14:04:33 | demo_client | data_error | $0.0500 | success
2025-10-26 14:04:33 | invoice_processing | data_error | $0.0926 | success
2025-10-26T09:04:33.310135 | invoice_processing | data_error | $0.05 | simulated
2025-10-26 14:04:41 | demo_client | data_error | $0.0500 | success
2025-10-26 14:04:41 | invoice_processing | data_error | $0.0983 | success
2025-10-26T09:04:41.369567 | invoice_processing | data_error | $0.05 | simulated
2025-10-26 14:04:48 | demo_client | workflow_delay | $0.0500 | success
2025-10-26 14:04:48 | order_processing | workflow_delay | $0.0883 | success
2025-10-26T09:04:48.422871 | order_processing | workflow_delay | $0.05 | simulated
2025-10-26 14:04:57 | demo_client | workflow_delay | $0.0500 | success
2025-10-26 14:04:57 | customer_support | workflow_delay | $0.0887 | success
2025-10-26T09:04:57.468567 | customer_support | workflow_delay | $0.05 | simulated
2025-10-26 14:05:02 | demo_client | api_failure | $0.0500 | success
2025-10-26 14:05:02 | order_processing | api_failure | $0.0974 | success
2025-10-26T09:05:02.486360 | order_processing | api_failure | $0.05 | simulated
